2021-07-25 14:53:35,040 ############################################################
2021-07-25 14:53:35,040 import data
2021-07-25 14:53:35,137 inspect dataframe:     
age                          39
workclass             State-gov
fnlgt                     77516
education             Bachelors
education-num                13
marital-status    Never-married
occupation         Adm-clerical
relationship      Not-in-family
race                      White
sex                        Male
capital-gain               2174
capital-loss                  0
hours-per-week               40
native-country    United-States
salary                    <=50K
Name: 0, dtype: object
2021-07-25 14:53:35,137 generate EDA report: ../results/eda/eda.html
2021-07-25 14:53:53,416 normalize numeric features: ['age', 'fnlgt', 'education-num', 'capital-gain', 'capital-loss', 'hours-per-week']
2021-07-25 14:53:53,460 inspect dataframe:     
age                    0.030671
workclass             State-gov
fnlgt                 -1.063611
education             Bachelors
education-num          1.134739
marital-status    Never-married
occupation         Adm-clerical
relationship      Not-in-family
race                      White
sex                        Male
capital-gain           0.148453
capital-loss           -0.21666
hours-per-week        -0.035429
native-country    United-States
salary                    <=50K
Name: 0, dtype: object
2021-07-25 14:53:53,460 one-hot-encode categorical features:['workclass', 'education', 'marital-status', 'occupation', 'relationship', 'race', 'sex', 'native-country', 'salary']
2021-07-25 14:53:53,495 inspect dataframe:     
age                               0.030671
fnlgt                            -1.063611
education-num                     1.134739
capital-gain                      0.148453
capital-loss                     -0.216660
                                    ...   
native-country_Trinadad&Tobago    0.000000
native-country_United-States      1.000000
native-country_Vietnam            0.000000
native-country_Yugoslavia         0.000000
salary_>50K                       0.000000
Name: 0, Length: 101, dtype: float64
2021-07-25 14:53:53,495 perform train test split with the test size of 0.3
2021-07-25 14:53:53,527 start training
2021-07-25 14:56:15,700 best parameters are: {'n_estimators': 200, 'min_samples_split': 5, 'min_samples_leaf': 4, 'max_depth': 40}
2021-07-25 14:56:15,701 save models in ../models/rfc_model.pkl, store results in ../results/images/
2021-07-25 14:56:15,972 precision: 0.7848244620611552, recall: 0.5892857142857143, f1: 0.6731423020883924
